2017-02-18 12:44:32,083 [Worker-12] INFO  o.e.m.c.i.l.LifecycleMappingFactory - Using org.eclipse.m2e.jdt.JarLifecycleMapping lifecycle mapping for MavenProject: ip_lec2_test:ip_lec2_test:0.0.1-SNAPSHOT @ /Users/Udara/Documents/workspace/ip/ip_lec2_test/pom.xml.
2017-02-18 12:44:32,525 [Worker-12] INFO  o.e.m.j.i.AbstractJavaProjectConfigurator - Adding source folder /ip_lec2_test/src
2017-02-18 12:44:32,526 [Worker-12] INFO  o.e.m.j.i.AbstractJavaProjectConfigurator - Not adding source folder /ip_lec2_test/src/test/java because it overlaps with /ip_lec2_test/src
2017-02-18 12:44:32,596 [Worker-12] INFO  o.e.m.c.i.p.ProjectConfigurationManager - Update started
2017-02-18 12:44:32,802 [Worker-12] INFO  o.e.m.c.i.l.LifecycleMappingFactory - Using org.eclipse.m2e.jdt.JarLifecycleMapping lifecycle mapping for MavenProject: ip_lec2_test:ip_lec2_test:0.0.1-SNAPSHOT @ /Users/Udara/Documents/workspace/ip/ip_lec2_test/pom.xml.
2017-02-18 12:44:32,951 [Worker-12] INFO  o.e.m.j.i.AbstractJavaProjectConfigurator - Adding source folder /ip_lec2_test/src
2017-02-18 12:44:32,952 [Worker-12] INFO  o.e.m.j.i.AbstractJavaProjectConfigurator - Not adding source folder /ip_lec2_test/src/test/java because it overlaps with /ip_lec2_test/src
2017-02-18 12:44:32,995 [Worker-12] INFO  o.e.m.c.i.p.ProjectConfigurationManager - Update completed: 0 sec
2017-02-18 12:44:33,121 [Worker-21] WARN  o.e.m.c.i.embedder.EclipseLogger - Using platform encoding (UTF-8 actually) to copy filtered resources, i.e. build is platform dependent!
2017-02-18 12:44:33,122 [Worker-21] INFO  o.e.m.c.i.embedder.EclipseLogger - skip non existing resourceDirectory /Users/Udara/Documents/workspace/ip/ip_lec2_test/src/main/resources
2017-02-18 12:44:33,123 [Worker-21] WARN  o.e.m.c.i.embedder.EclipseLogger - Using platform encoding (UTF-8 actually) to copy filtered resources, i.e. build is platform dependent!
2017-02-18 12:44:33,124 [Worker-21] INFO  o.e.m.c.i.embedder.EclipseLogger - skip non existing resourceDirectory /Users/Udara/Documents/workspace/ip/ip_lec2_test/src/test/resources
2017-02-18 12:54:07,388 [Worker-23] WARN  o.e.m.c.i.embedder.EclipseLogger - Using platform encoding (UTF-8 actually) to copy filtered resources, i.e. build is platform dependent!
2017-02-18 12:54:07,389 [Worker-23] INFO  o.e.m.c.i.embedder.EclipseLogger - skip non existing resourceDirectory /Users/Udara/Documents/workspace/ip/ip_lec2_test/src/main/resources
2017-02-18 12:54:07,390 [Worker-23] WARN  o.e.m.c.i.embedder.EclipseLogger - Using platform encoding (UTF-8 actually) to copy filtered resources, i.e. build is platform dependent!
2017-02-18 12:54:07,391 [Worker-23] INFO  o.e.m.c.i.embedder.EclipseLogger - skip non existing resourceDirectory /Users/Udara/Documents/workspace/ip/ip_lec2_test/src/test/resources
2017-02-18 12:54:21,064 [Worker-18] WARN  o.e.m.c.i.embedder.EclipseLogger - Using platform encoding (UTF-8 actually) to copy filtered resources, i.e. build is platform dependent!
2017-02-18 12:54:21,065 [Worker-18] INFO  o.e.m.c.i.embedder.EclipseLogger - skip non existing resourceDirectory /Users/Udara/Documents/workspace/ip/ip_lec2_test/src/main/resources
2017-02-18 12:54:21,066 [Worker-18] WARN  o.e.m.c.i.embedder.EclipseLogger - Using platform encoding (UTF-8 actually) to copy filtered resources, i.e. build is platform dependent!
2017-02-18 12:54:21,067 [Worker-18] INFO  o.e.m.c.i.embedder.EclipseLogger - skip non existing resourceDirectory /Users/Udara/Documents/workspace/ip/ip_lec2_test/src/test/resources
2017-02-18 12:55:38,815 [Worker-18] WARN  o.e.m.c.i.embedder.EclipseLogger - Using platform encoding (UTF-8 actually) to copy filtered resources, i.e. build is platform dependent!
2017-02-18 12:55:38,823 [Worker-18] INFO  o.e.m.c.i.embedder.EclipseLogger - Copying 0 resource
2017-02-18 12:55:38,824 [Worker-18] WARN  o.e.m.c.i.embedder.EclipseLogger - Using platform encoding (UTF-8 actually) to copy filtered resources, i.e. build is platform dependent!
2017-02-18 12:55:38,824 [Worker-18] INFO  o.e.m.c.i.embedder.EclipseLogger - skip non existing resourceDirectory /Users/Udara/Documents/workspace/ip/ip_lec2_test/src/test/resources
2017-02-18 14:43:59,814 [Worker-39] INFO  o.e.m.c.i.l.LifecycleMappingFactory - Using org.maven.ide.eclipse.wtp.WarLifecycleMapping lifecycle mapping for MavenProject: ip_lec2_test:ip_lec2_test:0.0.1-SNAPSHOT @ /Users/Udara/Documents/workspace/ip/ip_lec2_test/pom.xml.
2017-02-18 14:44:00,612 [Worker-39] INFO  o.e.m.j.i.AbstractJavaProjectConfigurator - Adding source folder /ip_lec2_test/src
2017-02-18 14:44:00,612 [Worker-39] INFO  o.e.m.j.i.AbstractJavaProjectConfigurator - Not adding source folder /ip_lec2_test/src/test/java because it overlaps with /ip_lec2_test/src
2017-02-18 14:44:00,913 [Worker-39] INFO  o.e.m.c.i.p.ProjectConfigurationManager - Update started
2017-02-18 14:44:01,110 [Worker-39] INFO  o.e.m.c.i.l.LifecycleMappingFactory - Using org.maven.ide.eclipse.wtp.WarLifecycleMapping lifecycle mapping for MavenProject: ip_lec2_test:ip_lec2_test:0.0.1-SNAPSHOT @ /Users/Udara/Documents/workspace/ip/ip_lec2_test/pom.xml.
2017-02-18 14:44:01,498 [Worker-39] INFO  o.e.m.j.i.AbstractJavaProjectConfigurator - Adding source folder /ip_lec2_test/src
2017-02-18 14:44:01,498 [Worker-39] INFO  o.e.m.j.i.AbstractJavaProjectConfigurator - Not adding source folder /ip_lec2_test/src/test/java because it overlaps with /ip_lec2_test/src
2017-02-18 14:44:01,603 [Worker-39] INFO  o.e.m.w.i.f.ResourceFilteringBuildParticipant - Cleaning filtered folder for ip_lec2_test
2017-02-18 14:44:01,608 [Worker-39] INFO  o.e.m.c.i.p.ProjectConfigurationManager - Update completed: 0 sec
2017-02-18 14:44:01,768 [Worker-39] WARN  o.e.m.c.i.embedder.EclipseLogger - Using platform encoding (UTF-8 actually) to copy filtered resources, i.e. build is platform dependent!
2017-02-18 14:44:01,769 [Worker-39] INFO  o.e.m.c.i.embedder.EclipseLogger - skip non existing resourceDirectory /Users/Udara/Documents/workspace/ip/ip_lec2_test/src/main/resources
2017-02-18 14:44:01,770 [Worker-39] WARN  o.e.m.c.i.embedder.EclipseLogger - Using platform encoding (UTF-8 actually) to copy filtered resources, i.e. build is platform dependent!
2017-02-18 14:44:01,771 [Worker-39] INFO  o.e.m.c.i.embedder.EclipseLogger - skip non existing resourceDirectory /Users/Udara/Documents/workspace/ip/ip_lec2_test/src/test/resources
2017-02-18 14:44:01,771 [Worker-39] INFO  o.e.m.w.i.f.ResourceFilteringBuildParticipant - Changed resources require a complete clean of filtered resources of ip_lec2_test
2017-02-18 14:44:01,772 [Worker-39] INFO  o.e.m.w.i.f.ResourceFilteringBuildParticipant - Executing resource filtering for ip_lec2_test
2017-02-18 14:44:01,786 [Worker-39] WARN  o.e.m.c.i.embedder.EclipseLogger - Using platform encoding (UTF-8 actually) to copy filtered resources, i.e. build is platform dependent!
2017-02-18 23:05:07,939 [Worker-108] WARN  o.e.m.c.i.embedder.EclipseLogger - Using platform encoding (UTF-8 actually) to copy filtered resources, i.e. build is platform dependent!
2017-02-18 23:05:07,940 [Worker-108] INFO  o.e.m.c.i.embedder.EclipseLogger - skip non existing resourceDirectory /Users/Udara/Documents/workspace/ip/ip_lec2_test/src/main/resources
2017-02-18 23:05:07,942 [Worker-108] WARN  o.e.m.c.i.embedder.EclipseLogger - Using platform encoding (UTF-8 actually) to copy filtered resources, i.e. build is platform dependent!
2017-02-18 23:05:07,942 [Worker-108] INFO  o.e.m.c.i.embedder.EclipseLogger - skip non existing resourceDirectory /Users/Udara/Documents/workspace/ip/ip_lec2_test/src/test/resources
2017-02-18 23:05:30,756 [Worker-111] WARN  o.e.m.c.i.embedder.EclipseLogger - Using platform encoding (UTF-8 actually) to copy filtered resources, i.e. build is platform dependent!
2017-02-18 23:05:30,757 [Worker-111] INFO  o.e.m.c.i.embedder.EclipseLogger - skip non existing resourceDirectory /Users/Udara/Documents/workspace/ip/ip_lec2_test/src/main/resources
2017-02-18 23:05:30,757 [Worker-111] WARN  o.e.m.c.i.embedder.EclipseLogger - Using platform encoding (UTF-8 actually) to copy filtered resources, i.e. build is platform dependent!
2017-02-18 23:05:30,757 [Worker-111] INFO  o.e.m.c.i.embedder.EclipseLogger - skip non existing resourceDirectory /Users/Udara/Documents/workspace/ip/ip_lec2_test/src/test/resources
2017-02-18 23:05:52,896 [Worker-111] WARN  o.e.m.c.i.embedder.EclipseLogger - Using platform encoding (UTF-8 actually) to copy filtered resources, i.e. build is platform dependent!
2017-02-18 23:05:52,900 [Worker-111] INFO  o.e.m.c.i.embedder.EclipseLogger - Copying 0 resource
2017-02-18 23:05:52,901 [Worker-111] WARN  o.e.m.c.i.embedder.EclipseLogger - Using platform encoding (UTF-8 actually) to copy filtered resources, i.e. build is platform dependent!
2017-02-18 23:05:52,902 [Worker-111] INFO  o.e.m.c.i.embedder.EclipseLogger - skip non existing resourceDirectory /Users/Udara/Documents/workspace/ip/ip_lec2_test/src/test/resources
2017-02-18 23:06:21,873 [Worker-113] WARN  o.e.m.c.i.embedder.EclipseLogger - Using platform encoding (UTF-8 actually) to copy filtered resources, i.e. build is platform dependent!
2017-02-18 23:06:21,876 [Worker-113] INFO  o.e.m.c.i.embedder.EclipseLogger - Copying 0 resource
2017-02-18 23:06:21,877 [Worker-113] WARN  o.e.m.c.i.embedder.EclipseLogger - Using platform encoding (UTF-8 actually) to copy filtered resources, i.e. build is platform dependent!
2017-02-18 23:06:21,877 [Worker-113] INFO  o.e.m.c.i.embedder.EclipseLogger - skip non existing resourceDirectory /Users/Udara/Documents/workspace/ip/ip_lec2_test/src/test/resources
2017-02-18 23:06:31,317 [Worker-113] WARN  o.e.m.c.i.embedder.EclipseLogger - Using platform encoding (UTF-8 actually) to copy filtered resources, i.e. build is platform dependent!
2017-02-18 23:06:31,317 [Worker-113] INFO  o.e.m.c.i.embedder.EclipseLogger - Copying 0 resource
2017-02-18 23:06:31,318 [Worker-113] WARN  o.e.m.c.i.embedder.EclipseLogger - Using platform encoding (UTF-8 actually) to copy filtered resources, i.e. build is platform dependent!
2017-02-18 23:06:31,319 [Worker-113] INFO  o.e.m.c.i.embedder.EclipseLogger - skip non existing resourceDirectory /Users/Udara/Documents/workspace/ip/ip_lec2_test/src/test/resources
2017-02-18 23:06:57,880 [Worker-111] WARN  o.e.m.c.i.embedder.EclipseLogger - Using platform encoding (UTF-8 actually) to copy filtered resources, i.e. build is platform dependent!
2017-02-18 23:06:57,881 [Worker-111] INFO  o.e.m.c.i.embedder.EclipseLogger - Copying 0 resource
2017-02-18 23:06:57,881 [Worker-111] WARN  o.e.m.c.i.embedder.EclipseLogger - Using platform encoding (UTF-8 actually) to copy filtered resources, i.e. build is platform dependent!
2017-02-18 23:06:57,882 [Worker-111] INFO  o.e.m.c.i.embedder.EclipseLogger - skip non existing resourceDirectory /Users/Udara/Documents/workspace/ip/ip_lec2_test/src/test/resources
2017-02-18 23:07:16,133 [Worker-111] WARN  o.e.m.c.i.embedder.EclipseLogger - Using platform encoding (UTF-8 actually) to copy filtered resources, i.e. build is platform dependent!
2017-02-18 23:07:16,134 [Worker-111] INFO  o.e.m.c.i.embedder.EclipseLogger - Copying 0 resource
2017-02-18 23:07:16,135 [Worker-111] WARN  o.e.m.c.i.embedder.EclipseLogger - Using platform encoding (UTF-8 actually) to copy filtered resources, i.e. build is platform dependent!
2017-02-18 23:07:16,135 [Worker-111] INFO  o.e.m.c.i.embedder.EclipseLogger - skip non existing resourceDirectory /Users/Udara/Documents/workspace/ip/ip_lec2_test/src/test/resources
2017-02-18 23:07:32,788 [Worker-108] WARN  o.e.m.c.i.embedder.EclipseLogger - Using platform encoding (UTF-8 actually) to copy filtered resources, i.e. build is platform dependent!
2017-02-18 23:07:32,789 [Worker-108] INFO  o.e.m.c.i.embedder.EclipseLogger - Copying 0 resource
2017-02-18 23:07:32,792 [Worker-108] WARN  o.e.m.c.i.embedder.EclipseLogger - Using platform encoding (UTF-8 actually) to copy filtered resources, i.e. build is platform dependent!
2017-02-18 23:07:32,792 [Worker-108] INFO  o.e.m.c.i.embedder.EclipseLogger - skip non existing resourceDirectory /Users/Udara/Documents/workspace/ip/ip_lec2_test/src/test/resources
2017-02-18 23:07:47,766 [Worker-115] WARN  o.e.m.c.i.embedder.EclipseLogger - Using platform encoding (UTF-8 actually) to copy filtered resources, i.e. build is platform dependent!
2017-02-18 23:07:47,767 [Worker-115] INFO  o.e.m.c.i.embedder.EclipseLogger - Copying 0 resource
2017-02-18 23:07:47,768 [Worker-115] WARN  o.e.m.c.i.embedder.EclipseLogger - Using platform encoding (UTF-8 actually) to copy filtered resources, i.e. build is platform dependent!
2017-02-18 23:07:47,769 [Worker-115] INFO  o.e.m.c.i.embedder.EclipseLogger - skip non existing resourceDirectory /Users/Udara/Documents/workspace/ip/ip_lec2_test/src/test/resources
2017-02-18 23:08:27,335 [Worker-109] ERROR o.e.m.c.i.p.r.ProjectRegistryManager - Could not read pom.xml
org.eclipse.core.runtime.CoreException: Could not read pom.xml
	at org.eclipse.m2e.core.internal.embedder.MavenImpl.readModel(MavenImpl.java:565) ~[org.eclipse.m2e.core_1.6.2.20150902-0002.jar:na]
	at org.eclipse.m2e.core.internal.embedder.MavenImpl.readModel(MavenImpl.java:574) ~[org.eclipse.m2e.core_1.6.2.20150902-0002.jar:na]
	at org.eclipse.m2e.core.internal.project.registry.ProjectRegistryManager.refreshPhase2(ProjectRegistryManager.java:541) [org.eclipse.m2e.core_1.6.2.20150902-0002.jar:na]
	at org.eclipse.m2e.core.internal.project.registry.ProjectRegistryManager.refresh(ProjectRegistryManager.java:497) [org.eclipse.m2e.core_1.6.2.20150902-0002.jar:na]
	at org.eclipse.m2e.core.internal.project.registry.ProjectRegistryManager.refresh(ProjectRegistryManager.java:350) [org.eclipse.m2e.core_1.6.2.20150902-0002.jar:na]
	at org.eclipse.m2e.core.internal.project.registry.ProjectRegistryManager.refresh(ProjectRegistryManager.java:297) [org.eclipse.m2e.core_1.6.2.20150902-0002.jar:na]
	at org.eclipse.m2e.core.internal.builder.MavenBuilder$BuildMethod.getProjectFacade(MavenBuilder.java:154) [org.eclipse.m2e.core_1.6.2.20150902-0002.jar:na]
	at org.eclipse.m2e.core.internal.builder.MavenBuilder$BuildMethod$1.call(MavenBuilder.java:89) [org.eclipse.m2e.core_1.6.2.20150902-0002.jar:na]
	at org.eclipse.m2e.core.internal.embedder.MavenExecutionContext.executeBare(MavenExecutionContext.java:176) [org.eclipse.m2e.core_1.6.2.20150902-0002.jar:na]
	at org.eclipse.m2e.core.internal.embedder.MavenExecutionContext.execute(MavenExecutionContext.java:151) [org.eclipse.m2e.core_1.6.2.20150902-0002.jar:na]
	at org.eclipse.m2e.core.internal.embedder.MavenExecutionContext.execute(MavenExecutionContext.java:99) [org.eclipse.m2e.core_1.6.2.20150902-0002.jar:na]
	at org.eclipse.m2e.core.internal.builder.MavenBuilder$BuildMethod.execute(MavenBuilder.java:86) [org.eclipse.m2e.core_1.6.2.20150902-0002.jar:na]
	at org.eclipse.m2e.core.internal.builder.MavenBuilder.build(MavenBuilder.java:200) [org.eclipse.m2e.core_1.6.2.20150902-0002.jar:na]
	at org.eclipse.core.internal.events.BuildManager$2.run(BuildManager.java:734) [org.eclipse.core.resources_3.10.1.v20150725-1910.jar:na]
	at org.eclipse.core.runtime.SafeRunner.run(SafeRunner.java:42) [org.eclipse.equinox.common_3.7.0.v20150402-1709.jar:na]
	at org.eclipse.core.internal.events.BuildManager.basicBuild(BuildManager.java:205) [org.eclipse.core.resources_3.10.1.v20150725-1910.jar:na]
	at org.eclipse.core.internal.events.BuildManager.basicBuild(BuildManager.java:245) [org.eclipse.core.resources_3.10.1.v20150725-1910.jar:na]
	at org.eclipse.core.internal.events.BuildManager$1.run(BuildManager.java:300) [org.eclipse.core.resources_3.10.1.v20150725-1910.jar:na]
	at org.eclipse.core.runtime.SafeRunner.run(SafeRunner.java:42) [org.eclipse.equinox.common_3.7.0.v20150402-1709.jar:na]
	at org.eclipse.core.internal.events.BuildManager.basicBuild(BuildManager.java:303) [org.eclipse.core.resources_3.10.1.v20150725-1910.jar:na]
	at org.eclipse.core.internal.events.BuildManager.basicBuildLoop(BuildManager.java:359) [org.eclipse.core.resources_3.10.1.v20150725-1910.jar:na]
	at org.eclipse.core.internal.events.BuildManager.build(BuildManager.java:382) [org.eclipse.core.resources_3.10.1.v20150725-1910.jar:na]
	at org.eclipse.core.internal.events.AutoBuildJob.doBuild(AutoBuildJob.java:144) [org.eclipse.core.resources_3.10.1.v20150725-1910.jar:na]
	at org.eclipse.core.internal.events.AutoBuildJob.run(AutoBuildJob.java:235) [org.eclipse.core.resources_3.10.1.v20150725-1910.jar:na]
	at org.eclipse.core.internal.jobs.Worker.run(Worker.java:55) [org.eclipse.core.jobs_3.7.0.v20150330-2103.jar:na]
Caused by: org.apache.maven.model.io.ModelParseException: expected START_TAG or END_TAG not TEXT (position: TEXT seen ...<resources>src/main/resource</... @9:35) 
	at org.apache.maven.model.io.DefaultModelReader.read(DefaultModelReader.java:130) ~[maven-model-builder-3.3.3.jar:3.3.3]
	at org.apache.maven.model.io.DefaultModelReader.read(DefaultModelReader.java:94) ~[maven-model-builder-3.3.3.jar:3.3.3]
	at org.eclipse.m2e.core.internal.embedder.MavenImpl.readModel(MavenImpl.java:563) ~[org.eclipse.m2e.core_1.6.2.20150902-0002.jar:na]
	... 24 common frames omitted
Caused by: org.codehaus.plexus.util.xml.pull.XmlPullParserException: expected START_TAG or END_TAG not TEXT (position: TEXT seen ...<resources>src/main/resource</... @9:35) 
	at org.codehaus.plexus.util.xml.pull.MXParser.nextTag(MXParser.java:1121) ~[plexus-utils-3.0.20.jar:na]
	at org.apache.maven.model.io.xpp3.MavenXpp3Reader.parseBuild(MavenXpp3Reader.java:886) ~[maven-model-3.3.3.jar:3.3.3]
	at org.apache.maven.model.io.xpp3.MavenXpp3Reader.parseModel(MavenXpp3Reader.java:2239) ~[maven-model-3.3.3.jar:3.3.3]
	at org.apache.maven.model.io.xpp3.MavenXpp3Reader.read(MavenXpp3Reader.java:3807) ~[maven-model-3.3.3.jar:3.3.3]
	at org.apache.maven.model.io.xpp3.MavenXpp3Reader.read(MavenXpp3Reader.java:557) ~[maven-model-3.3.3.jar:3.3.3]
	at org.apache.maven.model.io.DefaultModelReader.read(DefaultModelReader.java:125) ~[maven-model-builder-3.3.3.jar:3.3.3]
	... 26 common frames omitted
2017-02-18 23:09:44,626 [Worker-108] INFO  o.e.m.c.i.l.LifecycleMappingFactory - Using org.maven.ide.eclipse.wtp.WarLifecycleMapping lifecycle mapping for MavenProject: ip_lec2_test:ip_lec2_test:0.0.1-SNAPSHOT @ /Users/Udara/Documents/workspace/ip/ip_lec2_test/pom.xml.
2017-02-18 23:09:45,146 [Worker-108] WARN  o.e.m.c.i.embedder.EclipseLogger - Using platform encoding (UTF-8 actually) to copy filtered resources, i.e. build is platform dependent!
2017-02-18 23:09:45,149 [Worker-108] WARN  o.e.m.c.i.embedder.EclipseLogger - Using platform encoding (UTF-8 actually) to copy filtered resources, i.e. build is platform dependent!
2017-02-18 23:09:45,149 [Worker-108] INFO  o.e.m.c.i.embedder.EclipseLogger - skip non existing resourceDirectory /Users/Udara/Documents/workspace/ip/ip_lec2_test/src/test/resources
2017-02-18 23:09:45,150 [Worker-108] INFO  o.e.m.w.i.f.ResourceFilteringBuildParticipant - Changed resources require a complete clean of filtered resources of ip_lec2_test
2017-02-18 23:09:45,150 [Worker-108] INFO  o.e.m.w.i.f.ResourceFilteringBuildParticipant - Executing resource filtering for ip_lec2_test
2017-02-18 23:09:45,152 [Worker-108] WARN  o.e.m.c.i.embedder.EclipseLogger - Using platform encoding (UTF-8 actually) to copy filtered resources, i.e. build is platform dependent!
2017-02-18 23:10:34,945 [Worker-115] INFO  o.e.m.c.i.l.LifecycleMappingFactory - Using org.maven.ide.eclipse.wtp.WarLifecycleMapping lifecycle mapping for MavenProject: ip_lec2_test:ip_lec2_test:0.0.1-SNAPSHOT @ /Users/Udara/Documents/workspace/ip/ip_lec2_test/pom.xml.
2017-02-18 23:10:35,291 [Worker-115] WARN  o.e.m.c.i.embedder.EclipseLogger - Using platform encoding (UTF-8 actually) to copy filtered resources, i.e. build is platform dependent!
2017-02-18 23:10:35,292 [Worker-115] INFO  o.e.m.c.i.embedder.EclipseLogger - Copying 0 resource
2017-02-18 23:10:35,294 [Worker-115] WARN  o.e.m.c.i.embedder.EclipseLogger - Using platform encoding (UTF-8 actually) to copy filtered resources, i.e. build is platform dependent!
2017-02-18 23:10:35,294 [Worker-115] INFO  o.e.m.c.i.embedder.EclipseLogger - skip non existing resourceDirectory /Users/Udara/Documents/workspace/ip/ip_lec2_test/src/test/resources
2017-02-18 23:10:35,294 [Worker-115] INFO  o.e.m.w.i.f.ResourceFilteringBuildParticipant - Changed resources require a complete clean of filtered resources of ip_lec2_test
2017-02-18 23:10:35,294 [Worker-115] INFO  o.e.m.w.i.f.ResourceFilteringBuildParticipant - Executing resource filtering for ip_lec2_test
2017-02-18 23:10:35,297 [Worker-115] WARN  o.e.m.c.i.embedder.EclipseLogger - Using platform encoding (UTF-8 actually) to copy filtered resources, i.e. build is platform dependent!
2017-02-18 23:15:14,446 [Worker-120] INFO  o.e.m.c.i.l.LifecycleMappingFactory - Using org.maven.ide.eclipse.wtp.WarLifecycleMapping lifecycle mapping for MavenProject: ip_lec2_test:ip_lec2_test:0.0.1-SNAPSHOT @ /Users/Udara/Documents/workspace/ip/ip_lec2_test/pom.xml.
2017-02-18 23:15:14,801 [Worker-120] WARN  o.e.m.c.i.embedder.EclipseLogger - Using platform encoding (UTF-8 actually) to copy filtered resources, i.e. build is platform dependent!
2017-02-18 23:15:14,802 [Worker-120] INFO  o.e.m.c.i.embedder.EclipseLogger - Copying 0 resource
2017-02-18 23:15:14,803 [Worker-120] WARN  o.e.m.c.i.embedder.EclipseLogger - Using platform encoding (UTF-8 actually) to copy filtered resources, i.e. build is platform dependent!
2017-02-18 23:15:14,803 [Worker-120] INFO  o.e.m.c.i.embedder.EclipseLogger - skip non existing resourceDirectory /Users/Udara/Documents/workspace/ip/ip_lec2_test/src/test/resources
2017-02-18 23:15:14,804 [Worker-120] INFO  o.e.m.w.i.f.ResourceFilteringBuildParticipant - Changed resources require a complete clean of filtered resources of ip_lec2_test
2017-02-18 23:15:14,804 [Worker-120] INFO  o.e.m.w.i.f.ResourceFilteringBuildParticipant - Executing resource filtering for ip_lec2_test
2017-02-18 23:15:14,806 [Worker-120] WARN  o.e.m.c.i.embedder.EclipseLogger - Using platform encoding (UTF-8 actually) to copy filtered resources, i.e. build is platform dependent!
2017-02-18 23:15:15,964 [Worker-120] WARN  o.e.m.c.i.embedder.EclipseLogger - Using platform encoding (UTF-8 actually) to copy filtered resources, i.e. build is platform dependent!
2017-02-18 23:15:15,966 [Worker-120] INFO  o.e.m.c.i.embedder.EclipseLogger - Copying 0 resource
2017-02-18 23:15:15,967 [Worker-120] WARN  o.e.m.c.i.embedder.EclipseLogger - Using platform encoding (UTF-8 actually) to copy filtered resources, i.e. build is platform dependent!
2017-02-18 23:15:15,968 [Worker-120] INFO  o.e.m.c.i.embedder.EclipseLogger - skip non existing resourceDirectory /Users/Udara/Documents/workspace/ip/ip_lec2_test/src/test/resources
2017-02-18 23:16:25,913 [Worker-119] INFO  o.e.m.c.i.l.LifecycleMappingFactory - Using org.maven.ide.eclipse.wtp.WarLifecycleMapping lifecycle mapping for MavenProject: ip_lec2_test:ip_lec2_test:0.0.1-SNAPSHOT @ /Users/Udara/Documents/workspace/ip/ip_lec2_test/pom.xml.
2017-02-18 23:16:26,262 [Worker-119] WARN  o.e.m.c.i.embedder.EclipseLogger - Using platform encoding (UTF-8 actually) to copy filtered resources, i.e. build is platform dependent!
2017-02-18 23:16:26,263 [Worker-119] INFO  o.e.m.c.i.embedder.EclipseLogger - Copying 0 resource
2017-02-18 23:16:26,264 [Worker-119] WARN  o.e.m.c.i.embedder.EclipseLogger - Using platform encoding (UTF-8 actually) to copy filtered resources, i.e. build is platform dependent!
2017-02-18 23:16:26,264 [Worker-119] INFO  o.e.m.c.i.embedder.EclipseLogger - skip non existing resourceDirectory /Users/Udara/Documents/workspace/ip/ip_lec2_test/src/test/resources
2017-02-18 23:16:26,264 [Worker-119] INFO  o.e.m.w.i.f.ResourceFilteringBuildParticipant - Changed resources require a complete clean of filtered resources of ip_lec2_test
2017-02-18 23:16:26,265 [Worker-119] INFO  o.e.m.w.i.f.ResourceFilteringBuildParticipant - Executing resource filtering for ip_lec2_test
2017-02-18 23:16:26,267 [Worker-119] WARN  o.e.m.c.i.embedder.EclipseLogger - Using platform encoding (UTF-8 actually) to copy filtered resources, i.e. build is platform dependent!
2017-02-18 23:16:30,279 [Worker-121] INFO  o.e.m.c.i.l.LifecycleMappingFactory - Using org.maven.ide.eclipse.wtp.WarLifecycleMapping lifecycle mapping for MavenProject: ip_lec2_test:ip_lec2_test:0.0.1-SNAPSHOT @ /Users/Udara/Documents/workspace/ip/ip_lec2_test/pom.xml.
2017-02-18 23:16:30,646 [Worker-121] WARN  o.e.m.c.i.embedder.EclipseLogger - Using platform encoding (UTF-8 actually) to copy filtered resources, i.e. build is platform dependent!
2017-02-18 23:16:30,647 [Worker-121] INFO  o.e.m.c.i.embedder.EclipseLogger - Copying 0 resource
2017-02-18 23:16:30,649 [Worker-121] WARN  o.e.m.c.i.embedder.EclipseLogger - Using platform encoding (UTF-8 actually) to copy filtered resources, i.e. build is platform dependent!
2017-02-18 23:16:30,649 [Worker-121] INFO  o.e.m.c.i.embedder.EclipseLogger - skip non existing resourceDirectory /Users/Udara/Documents/workspace/ip/ip_lec2_test/src/test/resources
2017-02-18 23:16:30,649 [Worker-121] INFO  o.e.m.w.i.f.ResourceFilteringBuildParticipant - Changed resources require a complete clean of filtered resources of ip_lec2_test
2017-02-18 23:16:30,649 [Worker-121] INFO  o.e.m.w.i.f.ResourceFilteringBuildParticipant - Executing resource filtering for ip_lec2_test
2017-02-18 23:16:30,652 [Worker-121] WARN  o.e.m.c.i.embedder.EclipseLogger - Using platform encoding (UTF-8 actually) to copy filtered resources, i.e. build is platform dependent!
2017-02-18 23:17:18,469 [Worker-109] WARN  o.e.m.c.i.embedder.EclipseLogger - Using platform encoding (UTF-8 actually) to copy filtered resources, i.e. build is platform dependent!
2017-02-18 23:17:18,470 [Worker-109] INFO  o.e.m.c.i.embedder.EclipseLogger - Copying 0 resource
2017-02-18 23:17:18,471 [Worker-109] WARN  o.e.m.c.i.embedder.EclipseLogger - Using platform encoding (UTF-8 actually) to copy filtered resources, i.e. build is platform dependent!
2017-02-18 23:17:18,472 [Worker-109] INFO  o.e.m.c.i.embedder.EclipseLogger - skip non existing resourceDirectory /Users/Udara/Documents/workspace/ip/ip_lec2_test/src/test/resources
2017-02-18 23:17:41,153 [Worker-111] WARN  o.e.m.c.i.embedder.EclipseLogger - Using platform encoding (UTF-8 actually) to copy filtered resources, i.e. build is platform dependent!
2017-02-18 23:17:41,154 [Worker-111] INFO  o.e.m.c.i.embedder.EclipseLogger - Copying 0 resource
2017-02-18 23:17:41,154 [Worker-111] WARN  o.e.m.c.i.embedder.EclipseLogger - Using platform encoding (UTF-8 actually) to copy filtered resources, i.e. build is platform dependent!
2017-02-18 23:17:41,154 [Worker-111] INFO  o.e.m.c.i.embedder.EclipseLogger - skip non existing resourceDirectory /Users/Udara/Documents/workspace/ip/ip_lec2_test/src/test/resources
2017-02-19 09:36:29,381 [Worker-199] WARN  o.e.m.c.i.embedder.EclipseLogger - Using platform encoding (UTF-8 actually) to copy filtered resources, i.e. build is platform dependent!
2017-02-19 09:36:29,383 [Worker-199] INFO  o.e.m.c.i.embedder.EclipseLogger - Copying 1 resource
2017-02-19 09:36:29,390 [Worker-199] WARN  o.e.m.c.i.embedder.EclipseLogger - Using platform encoding (UTF-8 actually) to copy filtered resources, i.e. build is platform dependent!
2017-02-19 09:36:29,391 [Worker-199] INFO  o.e.m.c.i.embedder.EclipseLogger - skip non existing resourceDirectory /Users/Udara/Documents/workspace/ip/ip_lec2_test/src/test/resources
2017-02-19 09:36:30,414 [Worker-204] WARN  o.e.m.c.i.embedder.EclipseLogger - Using platform encoding (UTF-8 actually) to copy filtered resources, i.e. build is platform dependent!
2017-02-19 09:36:30,415 [Worker-204] INFO  o.e.m.c.i.embedder.EclipseLogger - Copying 1 resource
2017-02-19 09:36:30,416 [Worker-204] WARN  o.e.m.c.i.embedder.EclipseLogger - Using platform encoding (UTF-8 actually) to copy filtered resources, i.e. build is platform dependent!
2017-02-19 09:36:30,417 [Worker-204] INFO  o.e.m.c.i.embedder.EclipseLogger - skip non existing resourceDirectory /Users/Udara/Documents/workspace/ip/ip_lec2_test/src/test/resources
2017-02-19 09:39:10,610 [Worker-208] INFO  o.e.m.c.i.l.LifecycleMappingFactory - Using org.maven.ide.eclipse.wtp.WarLifecycleMapping lifecycle mapping for MavenProject: ip_lec2_test:ip_lec2_test:0.0.1-SNAPSHOT @ /Users/Udara/Documents/workspace/ip/ip_lec2_test/pom.xml.
2017-02-19 09:39:12,522 [Worker-208] INFO  o.e.m.c.i.e.AbstractTransferListenerAdapter - Downloaded https://repository.apache.org/content/groups/public/org/hibernate/hibernate-core/5.2.6.Final/hibernate-core-5.2.6.Final.pom
2017-02-19 09:39:13,616 [Worker-208] INFO  o.e.m.c.i.e.AbstractTransferListenerAdapter - Downloading https://repo.maven.apache.org/maven2/org/hibernate/hibernate-core/5.2.6.Final/hibernate-core-5.2.6.Final.pom
2017-02-19 09:39:13,830 [Worker-208] INFO  o.e.m.c.i.e.AbstractTransferListenerAdapter - Downloaded https://repo.maven.apache.org/maven2/org/hibernate/hibernate-core/5.2.6.Final/hibernate-core-5.2.6.Final.pom
2017-02-19 09:39:14,980 [Worker-208] INFO  o.e.m.c.i.e.AbstractTransferListenerAdapter - Downloaded https://repository.apache.org/content/groups/public/org/javassist/javassist/3.20.0-GA/javassist-3.20.0-GA.pom
2017-02-19 09:39:15,189 [Worker-208] INFO  o.e.m.c.i.e.AbstractTransferListenerAdapter - Downloading https://repo.maven.apache.org/maven2/org/javassist/javassist/3.20.0-GA/javassist-3.20.0-GA.pom
2017-02-19 09:39:15,420 [Worker-208] INFO  o.e.m.c.i.e.AbstractTransferListenerAdapter - Downloaded https://repo.maven.apache.org/maven2/org/javassist/javassist/3.20.0-GA/javassist-3.20.0-GA.pom
2017-02-19 09:39:16,560 [Worker-208] INFO  o.e.m.c.i.e.AbstractTransferListenerAdapter - Downloading https://repository.apache.org/content/groups/public/org/apache/geronimo/specs/geronimo-jta_1.1_spec/1.1.1/geronimo-jta_1.1_spec-1.1.1.pom
2017-02-19 09:39:17,697 [Worker-208] INFO  o.e.m.c.i.e.AbstractTransferListenerAdapter - Downloaded https://repository.apache.org/content/groups/public/org/apache/geronimo/specs/geronimo-jta_1.1_spec/1.1.1/geronimo-jta_1.1_spec-1.1.1.pom
2017-02-19 09:39:18,834 [Worker-208] INFO  o.e.m.c.i.e.AbstractTransferListenerAdapter - Downloading https://repository.apache.org/content/groups/public/org/apache/geronimo/specs/specs/1.4/specs-1.4.pom
2017-02-19 09:39:19,978 [Worker-208] INFO  o.e.m.c.i.e.AbstractTransferListenerAdapter - Downloaded https://repository.apache.org/content/groups/public/org/apache/geronimo/specs/specs/1.4/specs-1.4.pom
2017-02-19 09:39:21,116 [Worker-208] INFO  o.e.m.c.i.e.AbstractTransferListenerAdapter - Downloading https://repository.apache.org/content/groups/public/org/apache/geronimo/genesis/config/project-config/1.2/project-config-1.2.pom
2017-02-19 09:39:22,536 [Worker-208] INFO  o.e.m.c.i.e.AbstractTransferListenerAdapter - Downloaded https://repository.apache.org/content/groups/public/org/apache/geronimo/genesis/config/project-config/1.2/project-config-1.2.pom
2017-02-19 09:39:23,688 [Worker-208] INFO  o.e.m.c.i.e.AbstractTransferListenerAdapter - Downloading https://repository.apache.org/content/groups/public/org/apache/geronimo/genesis/config/config/1.2/config-1.2.pom
2017-02-19 09:39:24,831 [Worker-208] INFO  o.e.m.c.i.e.AbstractTransferListenerAdapter - Downloaded https://repository.apache.org/content/groups/public/org/apache/geronimo/genesis/config/config/1.2/config-1.2.pom
2017-02-19 09:39:25,966 [Worker-208] INFO  o.e.m.c.i.e.AbstractTransferListenerAdapter - Downloading https://repository.apache.org/content/groups/public/org/apache/geronimo/genesis/genesis/1.2/genesis-1.2.pom
2017-02-19 09:39:27,107 [Worker-208] INFO  o.e.m.c.i.e.AbstractTransferListenerAdapter - Downloaded https://repository.apache.org/content/groups/public/org/apache/geronimo/genesis/genesis/1.2/genesis-1.2.pom
2017-02-19 09:39:28,248 [Worker-208] INFO  o.e.m.c.i.e.AbstractTransferListenerAdapter - Downloaded https://repository.apache.org/content/groups/public/org/jboss/jandex/2.0.3.Final/jandex-2.0.3.Final.pom
2017-02-19 09:39:28,456 [Worker-208] INFO  o.e.m.c.i.e.AbstractTransferListenerAdapter - Downloading https://repo.maven.apache.org/maven2/org/jboss/jandex/2.0.3.Final/jandex-2.0.3.Final.pom
2017-02-19 09:39:28,680 [Worker-208] INFO  o.e.m.c.i.e.AbstractTransferListenerAdapter - Downloaded https://repo.maven.apache.org/maven2/org/jboss/jandex/2.0.3.Final/jandex-2.0.3.Final.pom
2017-02-19 09:39:29,822 [Worker-208] INFO  o.e.m.c.i.e.AbstractTransferListenerAdapter - Downloaded https://repository.apache.org/content/groups/public/com/fasterxml/classmate/1.3.0/classmate-1.3.0.pom
2017-02-19 09:39:30,032 [Worker-208] INFO  o.e.m.c.i.e.AbstractTransferListenerAdapter - Downloading https://repo.maven.apache.org/maven2/com/fasterxml/classmate/1.3.0/classmate-1.3.0.pom
2017-02-19 09:39:30,254 [Worker-208] INFO  o.e.m.c.i.e.AbstractTransferListenerAdapter - Downloaded https://repo.maven.apache.org/maven2/com/fasterxml/classmate/1.3.0/classmate-1.3.0.pom
2017-02-19 09:39:31,400 [Worker-208] INFO  o.e.m.c.i.e.AbstractTransferListenerAdapter - Downloaded https://repository.apache.org/content/groups/public/org/hibernate/common/hibernate-commons-annotations/5.0.1.Final/hibernate-commons-annotations-5.0.1.Final.pom
2017-02-19 09:39:31,612 [Worker-208] INFO  o.e.m.c.i.e.AbstractTransferListenerAdapter - Downloading https://repo.maven.apache.org/maven2/org/hibernate/common/hibernate-commons-annotations/5.0.1.Final/hibernate-commons-annotations-5.0.1.Final.pom
2017-02-19 09:39:31,827 [Worker-208] INFO  o.e.m.c.i.e.AbstractTransferListenerAdapter - Downloaded https://repo.maven.apache.org/maven2/org/hibernate/common/hibernate-commons-annotations/5.0.1.Final/hibernate-commons-annotations-5.0.1.Final.pom
2017-02-19 09:39:32,967 [Worker-208] INFO  o.e.m.c.i.e.AbstractTransferListenerAdapter - Downloaded https://repository.apache.org/content/groups/public/javax/enterprise/cdi-api/1.1/cdi-api-1.1.pom
2017-02-19 09:39:33,177 [Worker-208] INFO  o.e.m.c.i.e.AbstractTransferListenerAdapter - Downloading https://repo.maven.apache.org/maven2/javax/enterprise/cdi-api/1.1/cdi-api-1.1.pom
2017-02-19 09:39:33,401 [Worker-208] INFO  o.e.m.c.i.e.AbstractTransferListenerAdapter - Downloaded https://repo.maven.apache.org/maven2/javax/enterprise/cdi-api/1.1/cdi-api-1.1.pom
2017-02-19 09:39:34,541 [Worker-208] INFO  o.e.m.c.i.e.AbstractTransferListenerAdapter - Downloaded https://repository.apache.org/content/groups/public/org/jboss/weld/weld-parent/21/weld-parent-21.pom
2017-02-19 09:39:34,751 [Worker-208] INFO  o.e.m.c.i.e.AbstractTransferListenerAdapter - Downloading https://repo.maven.apache.org/maven2/org/jboss/weld/weld-parent/21/weld-parent-21.pom
2017-02-19 09:39:35,202 [Worker-208] INFO  o.e.m.c.i.e.AbstractTransferListenerAdapter - Downloaded https://repo.maven.apache.org/maven2/org/jboss/weld/weld-parent/21/weld-parent-21.pom
2017-02-19 09:39:36,372 [Worker-208] INFO  o.e.m.c.i.e.AbstractTransferListenerAdapter - Downloaded https://repository.apache.org/content/groups/public/javax/el/el-api/2.2/el-api-2.2.pom
2017-02-19 09:39:36,590 [Worker-208] INFO  o.e.m.c.i.e.AbstractTransferListenerAdapter - Downloading https://repo.maven.apache.org/maven2/javax/el/el-api/2.2/el-api-2.2.pom
2017-02-19 09:39:36,808 [Worker-208] INFO  o.e.m.c.i.e.AbstractTransferListenerAdapter - Downloaded https://repo.maven.apache.org/maven2/javax/el/el-api/2.2/el-api-2.2.pom
2017-02-19 09:39:37,948 [Worker-208] INFO  o.e.m.c.i.e.AbstractTransferListenerAdapter - Downloaded https://repository.apache.org/content/groups/public/org/glassfish/web/el/2.2/el-2.2.pom
2017-02-19 09:39:38,159 [Worker-208] INFO  o.e.m.c.i.e.AbstractTransferListenerAdapter - Downloading https://repo.maven.apache.org/maven2/org/glassfish/web/el/2.2/el-2.2.pom
2017-02-19 09:39:38,374 [Worker-208] INFO  o.e.m.c.i.e.AbstractTransferListenerAdapter - Downloaded https://repo.maven.apache.org/maven2/org/glassfish/web/el/2.2/el-2.2.pom
2017-02-19 09:39:39,527 [Worker-208] INFO  o.e.m.c.i.e.AbstractTransferListenerAdapter - Downloaded https://repository.apache.org/content/groups/public/org/jboss/spec/javax/interceptor/jboss-interceptors-api_1.1_spec/1.0.0.Beta1/jboss-interceptors-api_1.1_spec-1.0.0.Beta1.pom
2017-02-19 09:39:39,738 [Worker-208] INFO  o.e.m.c.i.e.AbstractTransferListenerAdapter - Downloading https://repo.maven.apache.org/maven2/org/jboss/spec/javax/interceptor/jboss-interceptors-api_1.1_spec/1.0.0.Beta1/jboss-interceptors-api_1.1_spec-1.0.0.Beta1.pom
2017-02-19 09:39:39,955 [Worker-208] INFO  o.e.m.c.i.e.AbstractTransferListenerAdapter - Downloaded https://repo.maven.apache.org/maven2/org/jboss/spec/javax/interceptor/jboss-interceptors-api_1.1_spec/1.0.0.Beta1/jboss-interceptors-api_1.1_spec-1.0.0.Beta1.pom
2017-02-19 09:39:41,096 [Worker-208] INFO  o.e.m.c.i.e.AbstractTransferListenerAdapter - Downloaded https://repository.apache.org/content/groups/public/org/jboss/spec/jboss-specs-parent/1.0.0.Beta1/jboss-specs-parent-1.0.0.Beta1.pom
2017-02-19 09:39:41,305 [Worker-208] INFO  o.e.m.c.i.e.AbstractTransferListenerAdapter - Downloading https://repo.maven.apache.org/maven2/org/jboss/spec/jboss-specs-parent/1.0.0.Beta1/jboss-specs-parent-1.0.0.Beta1.pom
2017-02-19 09:39:41,521 [Worker-208] INFO  o.e.m.c.i.e.AbstractTransferListenerAdapter - Downloaded https://repo.maven.apache.org/maven2/org/jboss/spec/jboss-specs-parent/1.0.0.Beta1/jboss-specs-parent-1.0.0.Beta1.pom
2017-02-19 09:39:42,670 [Worker-208] INFO  o.e.m.c.i.e.AbstractTransferListenerAdapter - Downloaded https://repository.apache.org/content/groups/public/org/jboss/jboss-parent/5-beta-5/jboss-parent-5-beta-5.pom
2017-02-19 09:39:42,880 [Worker-208] INFO  o.e.m.c.i.e.AbstractTransferListenerAdapter - Downloading https://repo.maven.apache.org/maven2/org/jboss/jboss-parent/5-beta-5/jboss-parent-5-beta-5.pom
2017-02-19 09:39:43,122 [Worker-208] INFO  o.e.m.c.i.e.AbstractTransferListenerAdapter - Downloaded https://repo.maven.apache.org/maven2/org/jboss/jboss-parent/5-beta-5/jboss-parent-5-beta-5.pom
2017-02-19 09:39:44,265 [Worker-208] INFO  o.e.m.c.i.e.AbstractTransferListenerAdapter - Downloaded https://repository.apache.org/content/groups/public/javax/annotation/jsr250-api/1.0/jsr250-api-1.0.pom
2017-02-19 09:39:44,476 [Worker-208] INFO  o.e.m.c.i.e.AbstractTransferListenerAdapter - Downloading https://repo.maven.apache.org/maven2/javax/annotation/jsr250-api/1.0/jsr250-api-1.0.pom
2017-02-19 09:39:44,691 [Worker-208] INFO  o.e.m.c.i.e.AbstractTransferListenerAdapter - Downloaded https://repo.maven.apache.org/maven2/javax/annotation/jsr250-api/1.0/jsr250-api-1.0.pom
2017-02-19 09:39:45,845 [Worker-208] INFO  o.e.m.c.i.e.AbstractTransferListenerAdapter - Downloaded https://repository.apache.org/content/groups/public/org/hibernate/hibernate-core/5.2.6.Final/hibernate-core-5.2.6.Final.jar
2017-02-19 09:39:46,983 [Worker-208] INFO  o.e.m.c.i.e.AbstractTransferListenerAdapter - Downloaded https://repository.apache.org/content/groups/public/org/javassist/javassist/3.20.0-GA/javassist-3.20.0-GA.jar
2017-02-19 09:39:48,121 [Worker-208] INFO  o.e.m.c.i.e.AbstractTransferListenerAdapter - Downloading https://repository.apache.org/content/groups/public/org/apache/geronimo/specs/geronimo-jta_1.1_spec/1.1.1/geronimo-jta_1.1_spec-1.1.1.jar
2017-02-19 09:39:49,540 [Worker-208] INFO  o.e.m.c.i.e.AbstractTransferListenerAdapter - Downloaded https://repository.apache.org/content/groups/public/org/apache/geronimo/specs/geronimo-jta_1.1_spec/1.1.1/geronimo-jta_1.1_spec-1.1.1.jar
2017-02-19 09:39:50,676 [Worker-208] INFO  o.e.m.c.i.e.AbstractTransferListenerAdapter - Downloaded https://repository.apache.org/content/groups/public/org/jboss/jandex/2.0.3.Final/jandex-2.0.3.Final.jar
2017-02-19 09:39:51,811 [Worker-208] INFO  o.e.m.c.i.e.AbstractTransferListenerAdapter - Downloaded https://repository.apache.org/content/groups/public/com/fasterxml/classmate/1.3.0/classmate-1.3.0.jar
2017-02-19 09:39:52,953 [Worker-208] INFO  o.e.m.c.i.e.AbstractTransferListenerAdapter - Downloaded https://repository.apache.org/content/groups/public/org/hibernate/common/hibernate-commons-annotations/5.0.1.Final/hibernate-commons-annotations-5.0.1.Final.jar
2017-02-19 09:39:54,087 [Worker-208] INFO  o.e.m.c.i.e.AbstractTransferListenerAdapter - Downloaded https://repository.apache.org/content/groups/public/javax/enterprise/cdi-api/1.1/cdi-api-1.1.jar
2017-02-19 09:39:55,223 [Worker-208] INFO  o.e.m.c.i.e.AbstractTransferListenerAdapter - Downloaded https://repository.apache.org/content/groups/public/javax/el/el-api/2.2/el-api-2.2.jar
2017-02-19 09:39:56,360 [Worker-208] INFO  o.e.m.c.i.e.AbstractTransferListenerAdapter - Downloaded https://repository.apache.org/content/groups/public/org/jboss/spec/javax/interceptor/jboss-interceptors-api_1.1_spec/1.0.0.Beta1/jboss-interceptors-api_1.1_spec-1.0.0.Beta1.jar
2017-02-19 09:39:57,496 [Worker-208] INFO  o.e.m.c.i.e.AbstractTransferListenerAdapter - Downloaded https://repository.apache.org/content/groups/public/javax/annotation/jsr250-api/1.0/jsr250-api-1.0.jar
2017-02-19 09:39:57,726 [Worker-208] INFO  o.e.m.c.i.e.AbstractTransferListenerAdapter - Downloading https://repo.maven.apache.org/maven2/org/hibernate/hibernate-core/5.2.6.Final/hibernate-core-5.2.6.Final.jar
2017-02-19 09:40:00,436 [Worker-208] INFO  o.e.m.c.i.e.AbstractTransferListenerAdapter - Downloaded https://repo.maven.apache.org/maven2/org/hibernate/hibernate-core/5.2.6.Final/hibernate-core-5.2.6.Final.jar
2017-02-19 09:40:00,647 [Worker-208] INFO  o.e.m.c.i.e.AbstractTransferListenerAdapter - Downloading https://repo.maven.apache.org/maven2/org/javassist/javassist/3.20.0-GA/javassist-3.20.0-GA.jar
2017-02-19 09:40:00,915 [Worker-208] INFO  o.e.m.c.i.e.AbstractTransferListenerAdapter - Downloaded https://repo.maven.apache.org/maven2/org/javassist/javassist/3.20.0-GA/javassist-3.20.0-GA.jar
2017-02-19 09:40:01,124 [Worker-208] INFO  o.e.m.c.i.e.AbstractTransferListenerAdapter - Downloading https://repo.maven.apache.org/maven2/org/jboss/jandex/2.0.3.Final/jandex-2.0.3.Final.jar
2017-02-19 09:40:01,358 [Worker-208] INFO  o.e.m.c.i.e.AbstractTransferListenerAdapter - Downloaded https://repo.maven.apache.org/maven2/org/jboss/jandex/2.0.3.Final/jandex-2.0.3.Final.jar
2017-02-19 09:40:01,566 [Worker-208] INFO  o.e.m.c.i.e.AbstractTransferListenerAdapter - Downloading https://repo.maven.apache.org/maven2/com/fasterxml/classmate/1.3.0/classmate-1.3.0.jar
2017-02-19 09:40:01,784 [Worker-208] INFO  o.e.m.c.i.e.AbstractTransferListenerAdapter - Downloaded https://repo.maven.apache.org/maven2/com/fasterxml/classmate/1.3.0/classmate-1.3.0.jar
2017-02-19 09:40:01,992 [Worker-208] INFO  o.e.m.c.i.e.AbstractTransferListenerAdapter - Downloading https://repo.maven.apache.org/maven2/org/hibernate/common/hibernate-commons-annotations/5.0.1.Final/hibernate-commons-annotations-5.0.1.Final.jar
2017-02-19 09:40:02,209 [Worker-208] INFO  o.e.m.c.i.e.AbstractTransferListenerAdapter - Downloaded https://repo.maven.apache.org/maven2/org/hibernate/common/hibernate-commons-annotations/5.0.1.Final/hibernate-commons-annotations-5.0.1.Final.jar
2017-02-19 09:40:02,430 [Worker-208] INFO  o.e.m.c.i.e.AbstractTransferListenerAdapter - Downloading https://repo.maven.apache.org/maven2/javax/enterprise/cdi-api/1.1/cdi-api-1.1.jar
2017-02-19 09:40:02,655 [Worker-208] INFO  o.e.m.c.i.e.AbstractTransferListenerAdapter - Downloaded https://repo.maven.apache.org/maven2/javax/enterprise/cdi-api/1.1/cdi-api-1.1.jar
2017-02-19 09:40:02,864 [Worker-208] INFO  o.e.m.c.i.e.AbstractTransferListenerAdapter - Downloading https://repo.maven.apache.org/maven2/javax/el/el-api/2.2/el-api-2.2.jar
2017-02-19 09:40:03,079 [Worker-208] INFO  o.e.m.c.i.e.AbstractTransferListenerAdapter - Downloaded https://repo.maven.apache.org/maven2/javax/el/el-api/2.2/el-api-2.2.jar
2017-02-19 09:40:03,288 [Worker-208] INFO  o.e.m.c.i.e.AbstractTransferListenerAdapter - Downloading https://repo.maven.apache.org/maven2/org/jboss/spec/javax/interceptor/jboss-interceptors-api_1.1_spec/1.0.0.Beta1/jboss-interceptors-api_1.1_spec-1.0.0.Beta1.jar
2017-02-19 09:40:03,502 [Worker-208] INFO  o.e.m.c.i.e.AbstractTransferListenerAdapter - Downloaded https://repo.maven.apache.org/maven2/org/jboss/spec/javax/interceptor/jboss-interceptors-api_1.1_spec/1.0.0.Beta1/jboss-interceptors-api_1.1_spec-1.0.0.Beta1.jar
2017-02-19 09:40:03,708 [Worker-208] INFO  o.e.m.c.i.e.AbstractTransferListenerAdapter - Downloading https://repo.maven.apache.org/maven2/javax/annotation/jsr250-api/1.0/jsr250-api-1.0.jar
2017-02-19 09:40:03,923 [Worker-208] INFO  o.e.m.c.i.e.AbstractTransferListenerAdapter - Downloaded https://repo.maven.apache.org/maven2/javax/annotation/jsr250-api/1.0/jsr250-api-1.0.jar
2017-02-19 09:40:04,748 [Worker-208] WARN  o.e.m.c.i.embedder.EclipseLogger - Using platform encoding (UTF-8 actually) to copy filtered resources, i.e. build is platform dependent!
2017-02-19 09:40:04,749 [Worker-208] INFO  o.e.m.c.i.embedder.EclipseLogger - Copying 0 resource
2017-02-19 09:40:04,750 [Worker-208] WARN  o.e.m.c.i.embedder.EclipseLogger - Using platform encoding (UTF-8 actually) to copy filtered resources, i.e. build is platform dependent!
2017-02-19 09:40:04,750 [Worker-208] INFO  o.e.m.c.i.embedder.EclipseLogger - skip non existing resourceDirectory /Users/Udara/Documents/workspace/ip/ip_lec2_test/src/test/resources
2017-02-19 09:40:04,750 [Worker-208] INFO  o.e.m.w.i.f.ResourceFilteringBuildParticipant - Changed resources require a complete clean of filtered resources of ip_lec2_test
2017-02-19 09:40:04,750 [Worker-208] INFO  o.e.m.w.i.f.ResourceFilteringBuildParticipant - Executing resource filtering for ip_lec2_test
2017-02-19 09:40:04,752 [Worker-208] WARN  o.e.m.c.i.embedder.EclipseLogger - Using platform encoding (UTF-8 actually) to copy filtered resources, i.e. build is platform dependent!
2017-02-19 09:40:06,640 [Worker-209] WARN  o.e.m.c.i.embedder.EclipseLogger - Using platform encoding (UTF-8 actually) to copy filtered resources, i.e. build is platform dependent!
2017-02-19 09:40:06,642 [Worker-209] INFO  o.e.m.c.i.embedder.EclipseLogger - Copying 1 resource
2017-02-19 09:40:06,645 [Worker-209] WARN  o.e.m.c.i.embedder.EclipseLogger - Using platform encoding (UTF-8 actually) to copy filtered resources, i.e. build is platform dependent!
2017-02-19 09:40:06,646 [Worker-209] INFO  o.e.m.c.i.embedder.EclipseLogger - skip non existing resourceDirectory /Users/Udara/Documents/workspace/ip/ip_lec2_test/src/test/resources
2017-02-19 11:20:05,392 [Worker-218] WARN  o.e.m.c.i.embedder.EclipseLogger - Using platform encoding (UTF-8 actually) to copy filtered resources, i.e. build is platform dependent!
2017-02-19 11:20:05,394 [Worker-218] INFO  o.e.m.c.i.embedder.EclipseLogger - Copying 1 resource
2017-02-19 11:20:05,395 [Worker-218] WARN  o.e.m.c.i.embedder.EclipseLogger - Using platform encoding (UTF-8 actually) to copy filtered resources, i.e. build is platform dependent!
2017-02-19 11:20:05,395 [Worker-218] INFO  o.e.m.c.i.embedder.EclipseLogger - skip non existing resourceDirectory /Users/Udara/Documents/workspace/ip/ip_lec2_test/src/test/resources
2017-02-19 11:21:43,680 [Worker-224] WARN  o.e.m.c.i.embedder.EclipseLogger - Using platform encoding (UTF-8 actually) to copy filtered resources, i.e. build is platform dependent!
2017-02-19 11:21:43,680 [Worker-224] INFO  o.e.m.c.i.embedder.EclipseLogger - Copying 1 resource
2017-02-19 11:21:43,681 [Worker-224] WARN  o.e.m.c.i.embedder.EclipseLogger - Using platform encoding (UTF-8 actually) to copy filtered resources, i.e. build is platform dependent!
2017-02-19 11:21:43,681 [Worker-224] INFO  o.e.m.c.i.embedder.EclipseLogger - skip non existing resourceDirectory /Users/Udara/Documents/workspace/ip/ip_lec2_test/src/test/resources
2017-02-19 11:42:37,813 [Worker-239] WARN  o.e.m.c.i.embedder.EclipseLogger - Using platform encoding (UTF-8 actually) to copy filtered resources, i.e. build is platform dependent!
2017-02-19 11:42:37,815 [Worker-239] INFO  o.e.m.c.i.embedder.EclipseLogger - Copying 1 resource
2017-02-19 11:42:37,815 [Worker-239] WARN  o.e.m.c.i.embedder.EclipseLogger - Using platform encoding (UTF-8 actually) to copy filtered resources, i.e. build is platform dependent!
2017-02-19 11:42:37,816 [Worker-239] INFO  o.e.m.c.i.embedder.EclipseLogger - skip non existing resourceDirectory /Users/Udara/Documents/workspace/ip/ip_lec2_test/src/test/resources
2017-02-19 11:42:47,750 [Worker-230] WARN  o.e.m.c.i.embedder.EclipseLogger - Using platform encoding (UTF-8 actually) to copy filtered resources, i.e. build is platform dependent!
2017-02-19 11:42:47,750 [Worker-230] INFO  o.e.m.c.i.embedder.EclipseLogger - Copying 1 resource
2017-02-19 11:42:47,751 [Worker-230] WARN  o.e.m.c.i.embedder.EclipseLogger - Using platform encoding (UTF-8 actually) to copy filtered resources, i.e. build is platform dependent!
2017-02-19 11:42:47,751 [Worker-230] INFO  o.e.m.c.i.embedder.EclipseLogger - skip non existing resourceDirectory /Users/Udara/Documents/workspace/ip/ip_lec2_test/src/test/resources
2017-02-19 11:43:21,181 [Worker-239] WARN  o.e.m.c.i.embedder.EclipseLogger - Using platform encoding (UTF-8 actually) to copy filtered resources, i.e. build is platform dependent!
2017-02-19 11:43:21,181 [Worker-239] INFO  o.e.m.c.i.embedder.EclipseLogger - Copying 1 resource
2017-02-19 11:43:21,182 [Worker-239] WARN  o.e.m.c.i.embedder.EclipseLogger - Using platform encoding (UTF-8 actually) to copy filtered resources, i.e. build is platform dependent!
2017-02-19 11:43:21,182 [Worker-239] INFO  o.e.m.c.i.embedder.EclipseLogger - skip non existing resourceDirectory /Users/Udara/Documents/workspace/ip/ip_lec2_test/src/test/resources
2017-02-19 12:00:43,636 [Worker-244] WARN  o.e.m.c.i.embedder.EclipseLogger - Using platform encoding (UTF-8 actually) to copy filtered resources, i.e. build is platform dependent!
2017-02-19 12:00:43,638 [Worker-244] INFO  o.e.m.c.i.embedder.EclipseLogger - Copying 1 resource
2017-02-19 12:00:43,639 [Worker-244] WARN  o.e.m.c.i.embedder.EclipseLogger - Using platform encoding (UTF-8 actually) to copy filtered resources, i.e. build is platform dependent!
2017-02-19 12:00:43,640 [Worker-244] INFO  o.e.m.c.i.embedder.EclipseLogger - skip non existing resourceDirectory /Users/Udara/Documents/workspace/ip/ip_lec2_test/src/test/resources
